<?xml version="1.0" encoding="UTF-8"?>
<!-- Generated by org.testng.reporters.JUnitXMLReporter -->
<testsuite hostname="Suchita-PC" ignored="0" name="Log Verification Test Cases" tests="10" failures="0" timestamp="25 Jun 2018 13:46:07 GMT" time="125.971" errors="0">
  <testcase name="createAccount_shareWishlistTest" time="8.342" classname="com.guru.qa.test.MyAccountPageTest"/>
  <testcase name="createAccount_shareWishlistTest" time="7.731" classname="com.guru.qa.test.MyAccountPageTest"/>
  <testcase name="verifyMobilePageTitle" time="0.016" classname="com.guru.qa.test.MobilePageTest"/>
  <testcase name="cartTest" time="4.1" classname="com.guru.qa.test.CartPageTest"/>
  <testcase name="launchPageTitleTest" time="0.009" classname="com.guru.qa.test.LaunchPageTest"/>
  <testcase name="clickOnMobileTabTest" time="2.451" classname="com.guru.qa.test.LaunchPageTest"/>
  <testcase name="verifyprodSortTest" time="1.024" classname="com.guru.qa.test.MobilePageTest"/>
  <testcase name="verifyprodSortTest" time="0.265" classname="com.guru.qa.test.MobilePageTest"/>
  <testcase name="verifyprodSortTest" time="0.861" classname="com.guru.qa.test.MobilePageTest"/>
  <testcase name="compare_Cost_From_List_and_Details_Page_Test" time="3.492" classname="com.guru.qa.test.MobilePageTest"/>
</testsuite> <!-- Log Verification Test Cases -->
